c:\users\facundo\desktop\proyectos y juegos\desarrollo 1\pong-on-raylib\pongraylib-facundoponce\obj\win32\release\vc141.pdb
c:\users\facundo\desktop\proyectos y juegos\desarrollo 1\pong-on-raylib\pongraylib-facundoponce\obj\win32\release\menu.obj
c:\users\facundo\desktop\proyectos y juegos\desarrollo 1\pong-on-raylib\pongraylib-facundoponce\obj\win32\release\main.obj
c:\users\facundo\desktop\proyectos y juegos\desarrollo 1\pong-on-raylib\pongraylib-facundoponce\obj\win32\release\variables.obj
c:\users\facundo\desktop\proyectos y juegos\desarrollo 1\pong-on-raylib\pongraylib-facundoponce\obj\win32\release\music.obj
c:\users\facundo\desktop\proyectos y juegos\desarrollo 1\pong-on-raylib\pongraylib-facundoponce\obj\win32\release\screen.obj
c:\users\facundo\desktop\proyectos y juegos\desarrollo 1\pong-on-raylib\pongraylib-facundoponce\obj\win32\release\players.obj
c:\users\facundo\desktop\proyectos y juegos\desarrollo 1\pong-on-raylib\pongraylib-facundoponce\obj\win32\release\gameloop.obj
c:\users\facundo\desktop\proyectos y juegos\desarrollo 1\pong-on-raylib\pongraylib-facundoponce\obj\win32\release\ball.obj
c:\users\facundo\desktop\proyectos y juegos\desarrollo 1\pong-on-raylib\pongraylib-facundoponce\bin\release\win32\game.ipdb
c:\users\facundo\desktop\proyectos y juegos\desarrollo 1\pong-on-raylib\pongraylib-facundoponce\bin\release\win32\game.iobj
c:\users\facundo\desktop\proyectos y juegos\desarrollo 1\pong-on-raylib\pongraylib-facundoponce\bin\release\win32\game.exe
c:\users\facundo\desktop\proyectos y juegos\desarrollo 1\pong-on-raylib\pongraylib-facundoponce\bin\release\win32\game.pdb
c:\users\facundo\desktop\proyectos y juegos\desarrollo 1\pong-on-raylib\pongraylib-facundoponce\obj\win32\release\game.tlog\cl.command.1.tlog
c:\users\facundo\desktop\proyectos y juegos\desarrollo 1\pong-on-raylib\pongraylib-facundoponce\obj\win32\release\game.tlog\cl.read.1.tlog
c:\users\facundo\desktop\proyectos y juegos\desarrollo 1\pong-on-raylib\pongraylib-facundoponce\obj\win32\release\game.tlog\cl.write.1.tlog
c:\users\facundo\desktop\proyectos y juegos\desarrollo 1\pong-on-raylib\pongraylib-facundoponce\obj\win32\release\game.tlog\game.write.1u.tlog
c:\users\facundo\desktop\proyectos y juegos\desarrollo 1\pong-on-raylib\pongraylib-facundoponce\obj\win32\release\game.tlog\link.command.1.tlog
c:\users\facundo\desktop\proyectos y juegos\desarrollo 1\pong-on-raylib\pongraylib-facundoponce\obj\win32\release\game.tlog\link.read.1.tlog
c:\users\facundo\desktop\proyectos y juegos\desarrollo 1\pong-on-raylib\pongraylib-facundoponce\obj\win32\release\game.tlog\link.write.1.tlog
